<?xml version="1.0" encoding="UTF-8"?>
<!-- Generated by org.testng.reporters.JUnitXMLReporter -->
<testsuite ignored="0" hostname="ABHISHEK" failures="0" tests="3" name="Default test" time="0.064" errors="0" timestamp="2023-03-26T16:42:10 IST">
  <testcase classname="xyztestingTestng.Testing" name="signup" time="0.007"/>
  <testcase classname="xyztestingTestng.Testing" name="signin" time="0.001"/>
  <testcase classname="xyztestingTestng.Testing" name="signout" time="0.002"/>
</testsuite> <!-- Default test -->
