<?xml version="1.0" encoding="UTF-8"?>
<!-- Generated by org.testng.reporters.JUnitXMLReporter -->
<testsuite ignored="2" hostname="ABHISHEK" failures="0" tests="6" name="Test" time="8.175" errors="0" timestamp="2023-03-26T17:19:17 IST">
  <testcase classname="xyztestingTestng.Testing2" name="signin" time="4.036"/>
  <testcase classname="xyztestingTestng.Testing" name="signin" time="4.036"/>
  <testcase classname="xyztestingTestng.Testing" name="signout" time="4.041"/>
  <testcase classname="xyztestingTestng.Testing" name="signup" time="4.037"/>
  <testcase classname="xyztestingTestng.Testing2" name="signout" time="4.037"/>
  <testcase classname="xyztestingTestng.Testing2" name="signup" time="4.016"/>
  <testcase classname="xyztestingTestng.Testing" name="aftermethod" time="0.0">
    <ignored/>
  </testcase> <!-- aftermethod -->
  <testcase classname="xyztestingTestng.Testing2" name="aftermethod" time="0.0">
    <ignored/>
  </testcase> <!-- aftermethod -->
</testsuite> <!-- Test -->
